**************************************************************************************************** 
Current Input parameters:
Namespace(seed=42, input_dir_path='./inputs', network_dir_path='./networks', output_dir_path='./outputs/gene_cell_matrix_time1-M171_V3_connected-Flux-20250307145512', gene_expression_file_name='gene_cell_matrix_time1.csv', compounds_reactions_file_name='M171_V3_connected_cmMat.csv', reactions_genes_file_name='M171_V3_connected_reactions_genes.json', experiment_name='Flux', n_epoch=200, batch_size=10240, mpo_n_epoch=10, mpo_stop_threshold=0.0001, mpo_learning_rate=0.7, mpo_beta_2=0.5)
 ****************************************************************************************************
Current CPU cores: 32 GPT devices: 1
****************************************************************************************************
Gene Expression Data shape:(75, 7379)
Gene Expression Data sample:
            RP11-6N13.4  RP4-566L20.1      MAP1B  SLC7A5P1     LENG9
E3.49.3408          0.0           0.0   7.188617       0.0  4.338537
E3.3.458            0.0           0.0   4.681617       0.0  3.621040
E3.52.3434          0.0           0.0  10.667183       0.0  0.000000
E3.50.3417          0.0           0.0   6.777850       0.0  0.000000
E3.45.3374          0.0           0.0   9.651333       0.0  0.000000
****************************************************************************************************
****************************************************************************************************
Current Reaction - Intersection Genes
M_25 - ['GSTM1', 'GSTA4', 'GGCT', 'GSTM4', 'GSTA3', 'MGST1', 'GSTT2B', 'GGT7', 'OPLAH', 'GGT1', 'GSTO1']
M_28 - ['BHMT', 'CBS']
M_168 - ['AMACR', 'HSD11B2', 'HSD17B4', 'ACOT1', 'CH25H', 'ACOT4']
M_51 - []
M_80 - ['SLC38A2', 'SLC1A5', 'SLC7A11', 'SLC38A1']
M_114 - []
M_23 - ['GSS']
M_99 - []
M_69 - []
M_16 - []
M_38 - ['ASNS', 'ALPP']
M_137 - []
M_125 - ['POGLUT1', 'MGAT5B', 'B3GLCT', 'B4GALT2']
M_12 - ['IDH2']
M_50 - []
M_98 - ['SLC7A5']
M_54 - ['HIBADH', 'ACADS', 'AOX1', 'BCKDHA', 'ACADM', 'EHHADH', 'MUT', 'HADH']
M_46 - ['SUCLG2', 'PCCA', 'MUT']
M_55 - ['ACADS', 'PCCA', 'BCKDHA', 'ACADM', 'EHHADH', 'MUT', 'HADH']
M_164 - ['AOX1', 'NT5E', 'TK2', 'MUT']
M_149 - ['NT5E', 'PNP']
M_29 - ['CDO1', 'CTH', 'TST']
M_124 - ['MGAT3']
M_15 - ['PHGDH', 'PSAT1']
M_8 - ['GOT1L1']
M_48 - ['GLS2']
M_159 - ['NT5E']
M_92 - ['SLC1A5']
M_143 - ['ADA', 'NT5E', 'PNP']
M_68 - ['PYCR1', 'ALDH4A1']
M_37 - ['NAALAD2', 'NAT8L']
M_9 - ['OGDHL']
M_97 - []
M_141 - ['PNP']
M_122 - ['B4GALT2']
M_41 - ['AZIN2', 'GAD1']
M_53 - ['EHHADH', 'BCKDHA', 'OXCT1', 'ACADM']
M_90 - []
M_101 - ['SLC25A15']
M_151 - []
M_81 - ['SLC6A5', 'SLC6A9']
M_56 - ['ACADS', 'BCKDHA', 'ACADM', 'EHHADH', 'HADH']
M_144 - []
M_162 - ['NT5E', 'TK2']
M_146 - []
M_108 - ['PGM1']
M_36 - []
M_128 - []
M_24 - ['GSS', 'ANPEP']
M_4 - ['BPGM', 'COQ2', 'PCK2', 'ENO2']
M_43 - []
M_91 - ['SLC1A3', 'SLC1A5']
M_138 - ['AK8', 'NT5E', 'NME5', 'NME3', 'F9']
M_154 - []
M_78 - []
M_153 - ['NME3', 'ENTPD6', 'NME5']
M_102 - ['SLC25A15']
M_5 - []
M_169 - ['CYP2E1', 'COMT', 'CYP1A1', 'STS', 'CYP2C18', 'HSD17B8', 'HSD11B2', 'SRD5A3', 'HSD17B7', 'CYP2A7', 'CYP19A1', 'CYP11A1', 'CYP2F1', 'CYP1B1', 'HSD17B6', 'HSD17B3', 'AKR1C3', 'HSD3B1']
M_110 - ['HAS2', 'HAS3']
M_156 - ['NT5E']
M_165 - ['NME3', 'NME5']
M_71 - ['SLC2A1']
M_171 - []
M_70 - []
M_2 - ['FBP1', 'ALDOC']
M_170 - []
M_140 - ['AK8', 'NME3', 'NT5E', 'NME5']
M_126 - []
M_150 - []
M_157 - []
M_142 - ['ADA', 'PNP']
M_83 - []
M_31 - []
M_111 - ['PYGB']
M_152 - ['UPRT', 'NT5E']
M_21 - ['BHMT']
M_3 - ['BPGM', 'COQ2']
M_6 - ['LDHC', 'LDHD', 'LDHAL6A']
M_107 - ['GFPT2', 'UAP1L1', 'GNPDA2']
M_105 - []
M_139 - ['NT5E', 'ADK', 'PNP']
M_39 - ['ASL', 'ASS1']
M_35 - []
M_40 - []
M_166 - ['AOX1', 'MUT']
M_134 - []
M_75 - ['SLC25A10', 'SLC13A3']
M_22 - ['MAOA', 'AOC3', 'GLDC', 'AOC2']
M_119 - ['ALG10', 'MGAT2', 'MOGS', 'MAN1A1']
M_115 - []
M_1 - ['HKDC1', 'GCK']
M_7 - []
M_13 - []
M_106 - ['HKDC1', 'GCK']
M_63 - ['ARG2']
M_155 - ['NME3', 'NME5']
M_11 - ['ACO1']
M_30 - ['DNMT3B', 'AHCYL2', 'CBS', 'DNMT3L', 'AHCYL1', 'CTH']
M_42 - ['ALDH1A3', 'AOC3', 'ALDH3B2', 'AOC2']
M_44 - []
M_19 - ['GATM']
M_87 - ['SLC29A2']
M_145 - ['NT5E', 'PNP']
M_17 - ['CBS', 'CTH']
M_88 - []
M_109 - []
M_45 - ['UPRT', 'NT5E', 'TK2', 'PNP']
M_74 - []
M_18 - []
M_76 - ['SLC25A10']
M_127 - ['CHST10']
M_26 - ['GSS']
M_135 - ['NME3', 'NUDT16', 'ENTPD6', 'NME5']
M_103 - ['SLC36A1']
M_167 - ['SQLE', 'HSD17B8', 'LSS', 'HSD17B7', 'SC5D', 'TM7SF2', 'DHCR7', 'HSD17B6']
M_65 - ['ASL']
M_73 - ['SLC25A1']
M_112 - []
M_93 - []
M_84 - ['SLC7A8']
M_52 - ['FTCD', 'UROC1', 'HAL']
M_161 - ['NME3', 'NME5']
M_117 - ['DOLK', 'SRD5A3']
M_77 - []
M_121 - ['MGAT2', 'MOGS', 'MAN1A1']
M_123 - ['MGAT4B']
M_49 - ['GAD1']
M_136 - ['AMPD2']
M_72 - []
M_100 - ['SLC7A2', 'SLC7A1']
M_113 - ['MVD', 'MVK']
M_34 - ['HSD11B2', 'HSD17B8', 'ACSL4', 'FASN', 'HSD17B7', 'SLC27A2', 'HSD17B6', 'OXSM', 'ACSL1']
M_147 - []
M_47 - ['ACADS', 'ACOX3', 'EHHADH']
M_62 - []
M_160 - ['DCTD']
M_60 - ['HSD17B4', 'AASS', 'EHHADH', 'AADAT', 'HADH']
M_85 - ['SLC1A3']
M_158 - ['NT5E']
M_27 - []
M_89 - ['SLC6A6']
M_20 - []
M_14 - ['SLC25A1']
M_120 - []
M_66 - ['ASS1']
M_148 - ['NT5E', 'PNP']
M_133 - ['NME3', 'ENTPD6', 'NUDT16', 'NME5']
M_67 - ['PYCR1']
M_64 - ['AZIN2']
M_79 - ['SLC38A2', 'SLC1A5']
M_116 - ['COQ2', 'COQ3']
M_32 - ['BCKDHA']
M_33 - ['TKTL1', 'FBP1', 'RBKS', 'PGM1', 'ALDOC']
M_96 - []
M_61 - []
M_163 - []
M_118 - []
M_10 - ['SUCLG2']
Compounds Reactions ADJ Matrix: 
                                 M_25  M_28  M_168  ...  M_163  M_118  M_10
1                                                   ...                    
Histidine                           0     0      0  ...      0      0     0
Malate                              0     0      0  ...      0      0     0
dUMP                                0     0      0  ...     -1      0     0
Citrate                             0     0      0  ...      0      0     0
Glucose-1-phosphate                 0     0      0  ...      0      0     0
...                               ...   ...    ...  ...    ...    ...   ...
CDP                                 0     0      0  ...      0      0     0
(E,E)-Farnesyl-PP                   0     0      0  ...      0      0     0
(Gal)1(GlcNAc)1(Man)1(Ser/Thr)1     0     0      0  ...      0      0     0
PRPP                                0     0      0  ...      0      0     0
Dolichylphosphate                   0     0      0  ...      0     -1     0

[66 rows x 159 columns]

Testing: |          | 0/? [00:00<?, ?it/s]Testing:   0%|          | 0/1 [00:00<?, ?it/s]Testing DataLoader 0:   0%|          | 0/1 [00:00<?, ?it/s]Testing DataLoader 0: 100%|██████████| 1/1 [00:00<00:00, 34.34it/s]Testing DataLoader 0: 100%|██████████| 1/1 [00:00<00:00, 33.62it/s]
